2022-08-13 01:41:03,199 INFO MySQL Connecting to MySQL
2022-08-13 01:41:03,211 INFO MySQL Executing create database dress
2022-08-13 01:41:03,211 ERROR MySQL 1007 (HY000): Can't create database 'dress'; database exists
2022-08-13 01:41:03,964 INFO MySQL Connecting to Database dress
2022-08-13 01:41:03,972 INFO MySQL Executing create table if not exists Attribute (Dress_ID int,Style varchar(30),Price varchar(30),Rating DOUBLE,Size varchar(30),Season varchar(30),NeckLine varchar(30),SleeveLength varchar(30),waiseline varchar(30),Material varchar(30),FabricType varchar(30),Decoration varchar(30),PatternType varchar(30),Recommendation int)
2022-08-13 01:41:03,974 INFO MySQL Query run successfully create table if not exists Attribute (Dress_ID int,Style varchar(30),Price varchar(30),Rating DOUBLE,Size varchar(30),Season varchar(30),NeckLine varchar(30),SleeveLength varchar(30),waiseline varchar(30),Material varchar(30),FabricType varchar(30),Decoration varchar(30),PatternType varchar(30),Recommendation int)
2022-08-13 01:42:54,438 INFO MySQL Connecting to Database dress
2022-08-13 01:42:54,453 INFO MySQL Executing select * from Attribute left join dress_data on Attribute.Dress_ID = dress_data.Dress_ID
2022-08-13 01:42:54,457 INFO MySQL Query run successfully select * from Attribute left join dress_data on Attribute.Dress_ID = dress_data.Dress_ID
2022-08-13 01:42:57,880 INFO MySQL Connecting to Database dress
2022-08-13 01:42:57,888 INFO MySQL Executing select distinct count(Dress_ID) from Attribute
2022-08-13 01:42:57,889 INFO MySQL Query run successfully select distinct count(Dress_ID) from Attribute
2022-08-13 01:42:59,074 INFO MySQL Connecting to Database dress
2022-08-13 01:42:59,085 INFO MySQL Executing select count(*) from Attribute where Recommendation = 0
2022-08-13 01:42:59,086 INFO MySQL Query run successfully select count(*) from Attribute where Recommendation = 0
2022-08-13 01:43:00,142 INFO MySQL Connecting to Database dress
2022-08-13 01:43:00,151 INFO MySQL Executing show columns from dress_data
2022-08-13 01:43:00,153 INFO MySQL Query run successfully show columns from dress_data
2022-08-13 01:43:00,858 INFO MySQL Connecting to Database dress
2022-08-13 01:43:00,867 INFO MySQL Executing select Dress_ID, `29/8/2013`+`31/8/2013`+`2013-02-09 00:00:00`+`2013-04-09 00:00:00`+`2013-06-09 00:00:00`+`2013-08-09 00:00:00`+`2013-10-09 00:00:00`+`2013-12-09 00:00:00`+`14/9/2013`+`16/9/2013`+`18/9/2013`+`20/9/2013`+`22/9/2013`+`24/9/2013`+`26/9/2013`+`28/9/2013`+`30/9/2013`+`2013-02-10 00:00:00`+`2013-04-10 00:00:00`+`2013-06-10 00:00:00`+`2010-08-10 00:00:00`+`2013-10-10 00:00:00`+`2013-12-10 00:00:00`as total from dress_data
2022-08-13 01:43:00,869 INFO MySQL Query run successfully select Dress_ID, `29/8/2013`+`31/8/2013`+`2013-02-09 00:00:00`+`2013-04-09 00:00:00`+`2013-06-09 00:00:00`+`2013-08-09 00:00:00`+`2013-10-09 00:00:00`+`2013-12-09 00:00:00`+`14/9/2013`+`16/9/2013`+`18/9/2013`+`20/9/2013`+`22/9/2013`+`24/9/2013`+`26/9/2013`+`28/9/2013`+`30/9/2013`+`2013-02-10 00:00:00`+`2013-04-10 00:00:00`+`2013-06-10 00:00:00`+`2010-08-10 00:00:00`+`2013-10-10 00:00:00`+`2013-12-10 00:00:00`as total from dress_data
2022-08-13 01:43:08,905 INFO MySQL Connecting to Database dress
2022-08-13 01:43:08,913 INFO MySQL Executing select Dress_ID, `29/8/2013`+`31/8/2013`+`2013-02-09 00:00:00`+`2013-04-09 00:00:00`+`2013-06-09 00:00:00`+`2013-08-09 00:00:00`+`2013-10-09 00:00:00`+`2013-12-09 00:00:00`+`14/9/2013`+`16/9/2013`+`18/9/2013`+`20/9/2013`+`22/9/2013`+`24/9/2013`+`26/9/2013`+`28/9/2013`+`30/9/2013`+`2013-02-10 00:00:00`+`2013-04-10 00:00:00`+`2013-06-10 00:00:00`+`2010-08-10 00:00:00`+`2013-10-10 00:00:00`+`2013-12-10 00:00:00`as total from dress_data order by total desc LIMIT 1 OFFSET 2
2022-08-13 01:43:08,915 INFO MySQL Query run successfully select Dress_ID, `29/8/2013`+`31/8/2013`+`2013-02-09 00:00:00`+`2013-04-09 00:00:00`+`2013-06-09 00:00:00`+`2013-08-09 00:00:00`+`2013-10-09 00:00:00`+`2013-12-09 00:00:00`+`14/9/2013`+`16/9/2013`+`18/9/2013`+`20/9/2013`+`22/9/2013`+`24/9/2013`+`26/9/2013`+`28/9/2013`+`30/9/2013`+`2013-02-10 00:00:00`+`2013-04-10 00:00:00`+`2013-06-10 00:00:00`+`2010-08-10 00:00:00`+`2013-10-10 00:00:00`+`2013-12-10 00:00:00`as total from dress_data order by total desc LIMIT 1 OFFSET 2
